<?xml version="1.0" encoding="UTF-8"?>
<testsuite name="org.example.CalculatorTest" tests="4" skipped="0" failures="0" errors="0" timestamp="2023-03-17T06:18:11" hostname="choechanghoui-MacBookAir.local" time="0.032">
  <properties/>
  <testcase name="[1] 1, +, 2, 3" classname="org.example.CalculatorTest" time="0.029"/>
  <testcase name="[2] 1, -, 2, -1" classname="org.example.CalculatorTest" time="0.0"/>
  <testcase name="[3] 4, *, 2, 8" classname="org.example.CalculatorTest" time="0.0"/>
  <testcase name="[4] 4, /, 2, 2" classname="org.example.CalculatorTest" time="0.0"/>
  <system-out><![CDATA[]]></system-out>
  <system-err><![CDATA[]]></system-err>
</testsuite>
