<?xml version="1.0" encoding="UTF-8"?>
<testsuite name="org.example.GradeCalculator.GradeCalculatorTest" tests="1" skipped="0" failures="0" errors="0" timestamp="2023-03-21T07:50:41" hostname="choechanghoui-MacBookAir.local" time="0.029">
  <properties/>
  <testcase name="평균 학점을 계산한다." classname="org.example.GradeCalculator.GradeCalculatorTest" time="0.029"/>
  <system-out><![CDATA[]]></system-out>
  <system-err><![CDATA[]]></system-err>
</testsuite>
