<?xml version="1.0" encoding="UTF-8"?>
<testsuite name="org.example.di.BeanFactoryTest" tests="1" skipped="0" failures="0" errors="0" timestamp="2023-04-26T14:01:26" hostname="choechanghoui-MacBookAir.local" time="0.285">
  <properties/>
  <testcase name="diTest()" classname="org.example.di.BeanFactoryTest" time="0.285"/>
  <system-out><![CDATA[]]></system-out>
  <system-err><![CDATA[SLF4J: Failed to load class "org.slf4j.impl.StaticLoggerBinder".
SLF4J: Defaulting to no-operation (NOP) logger implementation
SLF4J: See http://www.slf4j.org/codes.html#StaticLoggerBinder for further details.
]]></system-err>
</testsuite>
