<?xml version="1.0" encoding="UTF-8"?>
<testsuite name="org.example.ReflectionTest" tests="1" skipped="0" failures="0" errors="0" timestamp="2023-03-29T13:27:46" hostname="choechanghoui-MacBookAir.local" time="0.116">
  <properties/>
  <testcase name="controllerScan()" classname="org.example.ReflectionTest" time="0.116"/>
  <system-out><![CDATA[22:27:46.921 [Test worker] INFO org.reflections.Reflections - Reflections took 48 ms to scan 2 urls, producing 5 keys and 8 values
22:27:46.950 [Test worker] DEBUG org.example.ReflectionTest - beans: [[class org.example.controller.HomeController]]
]]></system-out>
  <system-err><![CDATA[]]></system-err>
</testsuite>
