<?xml version="1.0" encoding="UTF-8"?>
<testsuite name="org.example.ReflectionTest" tests="1" skipped="0" failures="0" errors="0" timestamp="2023-04-02T01:11:59" hostname="choechanghoui-MacBookAir.local" time="0.064">
  <properties/>
  <testcase name="load()" classname="org.example.ReflectionTest" time="0.064"/>
  <system-out><![CDATA[10:11:59.205 [Test worker] DEBUG org.example.ReflectionTest - clazz: [class org.example.model.User]
10:11:59.207 [Test worker] DEBUG org.example.ReflectionTest - clazz2: [class org.example.model.User]
10:11:59.208 [Test worker] DEBUG org.example.ReflectionTest - clazz3: [class org.example.model.User]
]]></system-out>
  <system-err><![CDATA[]]></system-err>
</testsuite>
